2025-12-16 09:56:15 - BTC_Transformer - INFO - ⚙️  STARTING EXPERIMENT WITH CONFIGURATION:
2025-12-16 09:56:15 - BTC_Transformer - INFO -    - use_real_data: True
2025-12-16 09:56:15 - BTC_Transformer - INFO -    - start_date: 2020-01-01
2025-12-16 09:56:15 - BTC_Transformer - INFO -    - end_date: None
2025-12-16 09:56:15 - BTC_Transformer - INFO -    - seq_len: 10
2025-12-16 09:56:15 - BTC_Transformer - INFO -    - pred_len: 45
2025-12-16 09:56:15 - BTC_Transformer - INFO -    - d_model: 128
2025-12-16 09:56:15 - BTC_Transformer - INFO -    - nhead: 8
2025-12-16 09:56:15 - BTC_Transformer - INFO -    - num_layers: 2
2025-12-16 09:56:15 - BTC_Transformer - INFO -    - dim_feedforward: 512
2025-12-16 09:56:15 - BTC_Transformer - INFO -    - dropout: 0.1
2025-12-16 09:56:15 - BTC_Transformer - INFO -    - batch_size: 32
2025-12-16 09:56:15 - BTC_Transformer - INFO -    - epochs: 100
2025-12-16 09:56:15 - BTC_Transformer - INFO -    - learning_rate: 0.0005
2025-12-16 09:56:15 - BTC_Transformer - INFO -    - warmup_epochs: 5
2025-12-16 09:56:15 - BTC_Transformer - INFO -    - patience: 30
2025-12-16 09:56:15 - BTC_Transformer - INFO -    - train_ratio: 0.7
2025-12-16 09:56:15 - BTC_Transformer - INFO -    - val_ratio: 0.15
2025-12-16 09:56:15 - BTC_Transformer - INFO -    - forecast_days: 30
2025-12-16 09:56:15 - BTC_Transformer - INFO - ⚙️  Device: cpu | PyTorch version: 2.1.0
2025-12-16 09:56:15 - BTC_Transformer - INFO - --- 1. DATA LOADING & ETL ---
2025-12-16 09:56:15 - BTC_Transformer - INFO - Loading data from 2020-01-01 to today...
2025-12-16 09:56:27 - BTC_Transformer - INFO - EDA completed and plots saved.
2025-12-16 09:56:28 - BTC_Transformer - INFO - 📊 Feature Engineering: Selected 13 features for modeling.
2025-12-16 09:56:28 - BTC_Transformer - INFO - Features list: ['Returns', 'Volume_Change', 'Price_Range', 'Volatility_5', 'Volatility_10', 'Volatility_20', 'MA_Returns_5', 'MA_Returns_10', 'MA_Returns_20', 'Momentum_5', 'Momentum_10', 'Momentum_20', 'RSI_14']
2025-12-16 09:56:28 - BTC_Transformer - INFO - --- 2. DATA PREPARATION & SPLITTING ---
2025-12-16 09:56:28 - BTC_Transformer - INFO - 📊 Data split details:
2025-12-16 09:56:28 - BTC_Transformer - INFO -    Total samples:    2157
2025-12-16 09:56:28 - BTC_Transformer - INFO -    Training set:     1509 samples (70%)
2025-12-16 09:56:28 - BTC_Transformer - INFO -    Validation set:   323 samples (15%)
2025-12-16 09:56:28 - BTC_Transformer - INFO -    Test set:         325 samples (15%)
2025-12-16 09:56:28 - BTC_Transformer - INFO - Dataloaders created with batch size 32.
2025-12-16 09:56:28 - BTC_Transformer - INFO - --- 3. MODEL INITIALIZATION & TRAINING ---
2025-12-16 09:56:28 - BTC_Transformer - INFO - 🧠 Transformer Architecture:
2025-12-16 09:56:28 - BTC_Transformer - INFO -    Input features:      13
2025-12-16 09:56:28 - BTC_Transformer - INFO -    Sequence length:     10 days
2025-12-16 09:56:28 - BTC_Transformer - INFO -    Prediction horizon:  45 days
2025-12-16 09:56:28 - BTC_Transformer - INFO -    Model dimension:     128
2025-12-16 09:56:28 - BTC_Transformer - INFO -    Layers:              2
2025-12-16 09:56:28 - BTC_Transformer - INFO -    Total parameters:    607,533
2025-12-16 09:56:28 - BTC_Transformer - INFO - Starting training for 100 epochs with LR 0.0005 and patience 30...
2025-12-16 10:00:23 - BTC_Transformer - INFO - Training finished. Best model state loaded.
2025-12-16 10:00:23 - BTC_Transformer - INFO - --- 4. MODEL EVALUATION ---
2025-12-16 10:00:23 - BTC_Transformer - INFO - Generating plots for prediction comparison, error analysis, and training history...
2025-12-16 10:00:28 - BTC_Transformer - INFO - --- 5. FINAL RESULTS ---
2025-12-16 10:00:28 - BTC_Transformer - INFO - 📊 Average R² (Test Set):   0.1893
2025-12-16 10:00:28 - BTC_Transformer - INFO - 📊 Average MAPE (Test Set): 8.05%
2025-12-16 10:00:28 - BTC_Transformer - INFO - 🏆 Pipeline completed.
2025-12-16 10:00:28 - BTC_Transformer - INFO - 
--- 6. POST-ANALYSIS OPTIONS ---
2025-12-16 10:04:55 - BTC_Transformer - INFO - Starting Feature Importance Analysis...
2025-12-16 10:04:58 - BTC_Transformer - INFO - Feature Importance Scores: {'Returns': 6.058253347769604e-09, 'Volume_Change': 3.360956907271298e-07, 'Price_Range': 6.920192390739294e-08, 'Volatility_5': -2.4461420252913993e-06, 'Volatility_10': -2.164007164537872e-06, 'Volatility_20': -2.765981480480281e-07, 'MA_Returns_5': -1.4616781845678758e-06, 'MA_Returns_10': 1.449277624481285e-07, 'MA_Returns_20': -2.2134138271210496e-06, 'Momentum_5': 4.6346802264410347e-07, 'Momentum_10': -6.594229489563161e-07, 'Momentum_20': -3.460627049207965e-06, 'RSI_14': -2.7174036949864644e-06}
2025-12-16 10:04:59 - BTC_Transformer - INFO - Starting Risk Analysis...
2025-12-16 10:04:59 - BTC_Transformer - INFO - Risk Metrics: {'expected_return': -99.99999317191345, 'forecast_volatility': 201.69711020594772, 'historical_volatility': 41.35412402399762, 'var_95': -3550.455719683263, 'max_drawdown': -1.9375705970088222, 'sharpe_ratio': -0.49579288999136395}
2025-12-16 10:04:59 - BTC_Transformer - INFO - ✅ ALL ANALYSES COMPLETED SUCCESSFULLY!
