2025-12-17 08:21:58 - BTC_Informer - INFO - ⚙️  STARTING EXPERIMENT WITH CONFIGURATION:
2025-12-17 08:21:58 - BTC_Informer - INFO -    - use_real_data: True
2025-12-17 08:21:58 - BTC_Informer - INFO -    - start_date: 2020-01-01
2025-12-17 08:21:58 - BTC_Informer - INFO -    - end_date: None
2025-12-17 08:21:58 - BTC_Informer - INFO -    - seq_len: 10
2025-12-17 08:21:58 - BTC_Informer - INFO -    - label_len: 5
2025-12-17 08:21:58 - BTC_Informer - INFO -    - pred_len: 7
2025-12-17 08:21:58 - BTC_Informer - INFO -    - d_model: 128
2025-12-17 08:21:58 - BTC_Informer - INFO -    - n_heads: 8
2025-12-17 08:21:58 - BTC_Informer - INFO -    - e_layers: 2
2025-12-17 08:21:58 - BTC_Informer - INFO -    - d_layers: 1
2025-12-17 08:21:58 - BTC_Informer - INFO -    - d_ff: 512
2025-12-17 08:21:58 - BTC_Informer - INFO -    - factor: 5
2025-12-17 08:21:58 - BTC_Informer - INFO -    - dropout: 0.1
2025-12-17 08:21:58 - BTC_Informer - INFO -    - batch_size: 32
2025-12-17 08:21:58 - BTC_Informer - INFO -    - epochs: 100
2025-12-17 08:21:58 - BTC_Informer - INFO -    - learning_rate: 0.0005
2025-12-17 08:21:58 - BTC_Informer - INFO -    - warmup_epochs: 5
2025-12-17 08:21:58 - BTC_Informer - INFO -    - patience: 30
2025-12-17 08:21:58 - BTC_Informer - INFO -    - train_ratio: 0.7
2025-12-17 08:21:58 - BTC_Informer - INFO -    - val_ratio: 0.15
2025-12-17 08:21:58 - BTC_Informer - INFO -    - forecast_days: 30
2025-12-17 08:21:58 - BTC_Informer - INFO - ⚙️  Device: cpu | PyTorch version: 2.1.0
2025-12-17 08:21:58 - BTC_Informer - INFO - --- 1. DATA LOADING & ETL ---
2025-12-17 08:21:58 - BTC_Informer - INFO - Loading data from 2020-01-01 to today...
2025-12-17 08:22:05 - BTC_Informer - INFO - EDA completed and plots saved.
2025-12-17 08:22:06 - BTC_Informer - INFO - 📊 Feature Engineering: Selected 13 features for modeling.
2025-12-17 08:22:06 - BTC_Informer - INFO - Features list: ['Returns', 'Volume_Change', 'Price_Range', 'Volatility_5', 'Volatility_10', 'Volatility_20', 'MA_Returns_5', 'MA_Returns_10', 'MA_Returns_20', 'Momentum_5', 'Momentum_10', 'Momentum_20', 'RSI_14']
2025-12-17 08:22:06 - BTC_Informer - INFO - --- 2. DATA PREPARATION & SPLITTING ---
2025-12-17 08:22:06 - BTC_Informer - INFO - 📊 Data split details:
2025-12-17 08:22:06 - BTC_Informer - INFO -    Total samples:    2158
2025-12-17 08:22:06 - BTC_Informer - INFO -    Training set:     1510 samples (70%)
2025-12-17 08:22:06 - BTC_Informer - INFO -    Validation set:   323 samples (15%)
2025-12-17 08:22:06 - BTC_Informer - INFO -    Test set:         325 samples (15%)
2025-12-17 08:22:06 - BTC_Informer - INFO - Dataloaders created with batch size 32.
2025-12-17 08:22:06 - BTC_Informer - INFO - --- 3. MODEL INITIALIZATION & TRAINING ---
2025-12-17 08:22:06 - BTC_Informer - INFO - 🧠 Transformer Architecture:
2025-12-17 08:22:06 - BTC_Informer - INFO -    Input features:      13
2025-12-17 08:22:06 - BTC_Informer - INFO -    Sequence length:     10 days
2025-12-17 08:22:06 - BTC_Informer - INFO -    Label length:        5 days
2025-12-17 08:22:06 - BTC_Informer - INFO -    Prediction horizon:  7 days
2025-12-17 08:22:06 - BTC_Informer - INFO -    Model dimension:     128
2025-12-17 08:22:06 - BTC_Informer - INFO -    Encoder layers:      2
2025-12-17 08:22:06 - BTC_Informer - INFO -    Decoder layers:      1
2025-12-17 08:22:06 - BTC_Informer - INFO -    Total parameters:    714,881
2025-12-17 08:22:06 - BTC_Informer - INFO - Starting training for 100 epochs with LR 0.0005 and patience 30...
2025-12-17 08:25:34 - BTC_Informer - INFO - --- 4. MODEL EVALUATION ---
2025-12-17 08:25:34 - BTC_Informer - INFO - Generating plots for prediction comparison, error analysis, and training history...
2025-12-17 08:25:39 - BTC_Informer - INFO - --- 5. FINAL RESULTS ---
2025-12-17 08:25:39 - BTC_Informer - INFO - 📊 Average R² (Test Set):   0.8824
2025-12-17 08:25:39 - BTC_Informer - INFO - 📊 Average MAPE (Test Set): 3.07%
2025-12-17 08:25:39 - BTC_Informer - INFO - 🏆 Pipeline completed.
2025-12-17 08:25:39 - BTC_Informer - INFO - 
--- 6. POST-ANALYSIS OPTIONS ---
2025-12-17 08:29:46 - BTC_Informer - INFO - Starting Feature Importance Analysis...
2025-12-17 08:29:56 - BTC_Informer - INFO - Feature Importance Scores: {'Returns': 5.12764129477249e-05, 'Volume_Change': 0.00010794140010451318, 'Price_Range': 8.134460076689685e-05, 'Volatility_5': 7.527276563147698e-05, 'Volatility_10': 1.3998748424155424e-06, 'Volatility_20': 2.62201065197587e-05, 'MA_Returns_5': 2.6202442434926712e-05, 'MA_Returns_10': 9.06762822220665e-06, 'MA_Returns_20': 2.078070926169514e-05, 'Momentum_5': 5.159050924703496e-05, 'Momentum_10': 0.00012477413595964482, 'Momentum_20': -6.177173539375323e-05, 'RSI_14': 7.242672145366634e-05}
2025-12-17 08:30:29 - BTC_Informer - INFO - Starting Risk Analysis...
2025-12-17 08:30:29 - BTC_Informer - INFO - Risk Metrics: {'expected_return': -99.99999919102093, 'forecast_volatility': 914.3475697400952, 'historical_volatility': 42.357806872806364, 'var_95': -3367.3652073706908, 'max_drawdown': -79.58964793104158, 'sharpe_ratio': -0.10936759991547426}
2025-12-17 08:30:29 - BTC_Informer - INFO - ✅ ALL ANALYSES COMPLETED SUCCESSFULLY!
